[2025-06-17 18:45:08] STEP: Log file exceeded 100kB. Truncated!
[2025-06-17 18:45:08] STEP: Started helper app
[2025-06-17 18:45:08] STEP: SEND_BUFFER_SIZE requested  1024, resolved to 1024
[2025-06-17 18:45:08] STEP: RECEIVE_BUFFER_SIZE requested  2048, resolved to 2048
[2025-06-17 18:45:08] STEP: CONNECTION_ATTEMPT requested  4, resolved to 4
[2025-06-17 18:45:08] STEP: RESPONSE_TIMEOUT requested  9000, resolved to 9000
[2025-06-17 18:45:08] STEP: Create TCP socket
[2025-06-17 18:45:09] STEP: Resolving server address and port...
[2025-06-17 18:45:09] STEP: Server resolved, connecting to 147.182.245.228:5000
[2025-06-17 18:45:09] STEP: Attempt TCP connection (1) with 9000ms timeout
[2025-06-17 18:45:09] STEP: Connection established!
[2025-06-17 18:45:09] STEP: Sent 16 bytes to server
[2025-06-17 18:45:09] STEP: Response received
[2025-06-17 18:45:09] STEP: Writing 15 bytes to response.txt
[2025-06-17 18:45:09] STEP: Exiting with code 0 (Success!)
-------------

[2025-06-17 18:46:58] STEP: Started helper app
[2025-06-17 18:46:58] STEP: SEND_BUFFER_SIZE requested  1024, resolved to 1024
[2025-06-17 18:46:58] STEP: RECEIVE_BUFFER_SIZE requested  2048, resolved to 2048
[2025-06-17 18:46:58] STEP: CONNECTION_ATTEMPT requested  4, resolved to 4
[2025-06-17 18:46:58] STEP: RESPONSE_TIMEOUT requested  9000, resolved to 9000
[2025-06-17 18:46:58] STEP: Create TCP socket
[2025-06-17 18:46:58] STEP: Resolving server address and port...
[2025-06-17 18:46:58] STEP: Server resolved, connecting to 147.182.245.228:5000
[2025-06-17 18:46:58] STEP: Attempt TCP connection (1) with 9000ms timeout
[2025-06-17 18:46:58] STEP: Connection established!
[2025-06-17 18:46:58] STEP: Sent 16 bytes to server
[2025-06-17 18:46:59] STEP: Response received
[2025-06-17 18:46:59] STEP: Writing 15 bytes to response.txt
[2025-06-17 18:46:59] STEP: Exiting with code 0 (Success!)
-------------

[2025-06-17 18:49:57] STEP: Started helper app
[2025-06-17 18:49:57] STEP: SEND_BUFFER_SIZE requested  1024, resolved to 1024
[2025-06-17 18:49:57] STEP: RECEIVE_BUFFER_SIZE requested  2048, resolved to 2048
[2025-06-17 18:49:57] STEP: CONNECTION_ATTEMPT requested  4, resolved to 4
[2025-06-17 18:49:57] STEP: RESPONSE_TIMEOUT requested  9000, resolved to 9000
[2025-06-17 18:49:57] STEP: Create TCP socket
[2025-06-17 18:49:57] STEP: Resolving server address and port...
[2025-06-17 18:49:57] STEP: Server resolved, connecting to 147.182.245.228:5000
[2025-06-17 18:49:57] STEP: Attempt TCP connection (1) with 9000ms timeout
[2025-06-17 18:49:57] STEP: Connection established!
[2025-06-17 18:49:57] STEP: Sent 16 bytes to server
[2025-06-17 18:49:58] STEP: Response received
[2025-06-17 18:49:58] STEP: Writing 15 bytes to response.txt
[2025-06-17 18:49:58] STEP: Exiting with code 0 (Success!)
-------------

[2025-06-17 18:52:51] STEP: Started helper app
[2025-06-17 18:52:51] STEP: SEND_BUFFER_SIZE requested  1024, resolved to 1024
[2025-06-17 18:52:51] STEP: RECEIVE_BUFFER_SIZE requested  2048, resolved to 2048
[2025-06-17 18:52:51] STEP: CONNECTION_ATTEMPT requested  4, resolved to 4
[2025-06-17 18:52:51] STEP: RESPONSE_TIMEOUT requested  9000, resolved to 9000
[2025-06-17 18:52:51] STEP: Create TCP socket
[2025-06-17 18:52:51] STEP: Resolving server address and port...
[2025-06-17 18:52:51] STEP: Server resolved, connecting to 147.182.245.228:5000
[2025-06-17 18:52:51] STEP: Attempt TCP connection (1) with 9000ms timeout
[2025-06-17 18:52:51] STEP: Connection established!
[2025-06-17 18:52:51] STEP: Sent 16 bytes to server
[2025-06-17 18:52:52] STEP: Response received
[2025-06-17 18:52:52] STEP: Writing 15 bytes to response.txt
[2025-06-17 18:52:52] STEP: Exiting with code 0 (Success!)
-------------

[2025-06-17 18:53:59] STEP: Started helper app
[2025-06-17 18:53:59] STEP: SEND_BUFFER_SIZE requested  1024, resolved to 1024
[2025-06-17 18:53:59] STEP: RECEIVE_BUFFER_SIZE requested  2048, resolved to 2048
[2025-06-17 18:53:59] STEP: CONNECTION_ATTEMPT requested  4, resolved to 4
[2025-06-17 18:53:59] STEP: RESPONSE_TIMEOUT requested  9000, resolved to 9000
[2025-06-17 18:53:59] STEP: Create TCP socket
[2025-06-17 18:54:00] STEP: Resolving server address and port...
[2025-06-17 18:54:00] STEP: Server resolved, connecting to 147.182.245.228:5000
[2025-06-17 18:54:00] STEP: Attempt TCP connection (1) with 9000ms timeout
[2025-06-17 18:54:00] STEP: Connection established!
[2025-06-17 18:54:00] STEP: Sent 13 bytes to server
[2025-06-17 18:54:00] STEP: Response received
[2025-06-17 18:54:00] STEP: Writing 37 bytes to response.txt
[2025-06-17 18:54:00] STEP: Exiting with code 0 (Success!)
-------------

[2025-06-17 18:54:02] STEP: Started helper app
[2025-06-17 18:54:02] STEP: SEND_BUFFER_SIZE requested  1024, resolved to 1024
[2025-06-17 18:54:02] STEP: RECEIVE_BUFFER_SIZE requested  2048, resolved to 2048
[2025-06-17 18:54:02] STEP: CONNECTION_ATTEMPT requested  4, resolved to 4
[2025-06-17 18:54:02] STEP: RESPONSE_TIMEOUT requested  9000, resolved to 9000
[2025-06-17 18:54:02] STEP: Create TCP socket
[2025-06-17 18:54:02] STEP: Resolving server address and port...
[2025-06-17 18:54:02] STEP: Server resolved, connecting to 147.182.245.228:5000
[2025-06-17 18:54:02] STEP: Attempt TCP connection (1) with 9000ms timeout
[2025-06-17 18:54:02] STEP: Connection established!
[2025-06-17 18:54:02] STEP: Sent 20 bytes to server
[2025-06-17 18:54:03] STEP: Response received
[2025-06-17 18:54:03] STEP: Writing 36 bytes to response.txt
[2025-06-17 18:54:03] STEP: Exiting with code 0 (Success!)
-------------

[2025-06-17 18:54:08] STEP: Started helper app
[2025-06-17 18:54:08] STEP: SEND_BUFFER_SIZE requested  1024, resolved to 1024
[2025-06-17 18:54:08] STEP: RECEIVE_BUFFER_SIZE requested  2048, resolved to 2048
[2025-06-17 18:54:08] STEP: CONNECTION_ATTEMPT requested  4, resolved to 4
[2025-06-17 18:54:08] STEP: RESPONSE_TIMEOUT requested  9000, resolved to 9000
[2025-06-17 18:54:08] STEP: Create TCP socket
[2025-06-17 18:54:08] STEP: Resolving server address and port...
[2025-06-17 18:54:08] STEP: Server resolved, connecting to 147.182.245.228:5000
[2025-06-17 18:54:08] STEP: Attempt TCP connection (1) with 9000ms timeout
[2025-06-17 18:54:08] STEP: Connection established!
[2025-06-17 18:54:08] STEP: Sent 18 bytes to server
[2025-06-17 18:54:09] STEP: Response received
[2025-06-17 18:54:09] STEP: Writing 31 bytes to response.txt
[2025-06-17 18:54:09] STEP: Exiting with code 0 (Success!)
-------------

[2025-06-17 19:06:54] STEP: Started helper app
[2025-06-17 19:06:54] STEP: SEND_BUFFER_SIZE requested  1024, resolved to 1024
[2025-06-17 19:06:54] STEP: RECEIVE_BUFFER_SIZE requested  2048, resolved to 2048
[2025-06-17 19:06:54] STEP: CONNECTION_ATTEMPT requested  4, resolved to 4
[2025-06-17 19:06:54] STEP: RESPONSE_TIMEOUT requested  9000, resolved to 9000
[2025-06-17 19:06:54] STEP: Create TCP socket
[2025-06-17 19:06:54] STEP: Resolving server address and port...
[2025-06-17 19:06:54] STEP: Server resolved, connecting to 147.182.245.228:5000
[2025-06-17 19:06:54] STEP: Attempt TCP connection (1) with 9000ms timeout
[2025-06-17 19:06:54] STEP: Connection established!
[2025-06-17 19:06:54] STEP: Sent 16 bytes to server
[2025-06-17 19:06:55] STEP: Response received
[2025-06-17 19:06:55] STEP: Writing 15 bytes to response.txt
[2025-06-17 19:06:55] STEP: Exiting with code 0 (Success!)
-------------

[2025-06-17 19:14:17] STEP: Started helper app
[2025-06-17 19:14:17] STEP: SEND_BUFFER_SIZE requested  1024, resolved to 1024
[2025-06-17 19:14:17] STEP: RECEIVE_BUFFER_SIZE requested  2048, resolved to 2048
[2025-06-17 19:14:17] STEP: CONNECTION_ATTEMPT requested  4, resolved to 4
[2025-06-17 19:14:17] STEP: RESPONSE_TIMEOUT requested  9000, resolved to 9000
[2025-06-17 19:14:17] STEP: Create TCP socket
[2025-06-17 19:14:17] STEP: Resolving server address and port...
[2025-06-17 19:14:17] STEP: Server resolved, connecting to 147.182.245.228:5000
[2025-06-17 19:14:17] STEP: Attempt TCP connection (1) with 9000ms timeout
[2025-06-17 19:14:17] STEP: Connection established!
[2025-06-17 19:14:17] STEP: Sent 16 bytes to server
[2025-06-17 19:14:18] STEP: Response received
[2025-06-17 19:14:18] STEP: Writing 15 bytes to response.txt
[2025-06-17 19:14:18] STEP: Exiting with code 0 (Success!)
-------------

[2025-06-17 19:14:34] STEP: Started helper app
[2025-06-17 19:14:34] STEP: SEND_BUFFER_SIZE requested  1024, resolved to 1024
[2025-06-17 19:14:34] STEP: RECEIVE_BUFFER_SIZE requested  2048, resolved to 2048
[2025-06-17 19:14:34] STEP: CONNECTION_ATTEMPT requested  4, resolved to 4
[2025-06-17 19:14:34] STEP: RESPONSE_TIMEOUT requested  9000, resolved to 9000
[2025-06-17 19:14:34] STEP: Create TCP socket
[2025-06-17 19:14:34] STEP: Resolving server address and port...
[2025-06-17 19:14:34] STEP: Server resolved, connecting to 147.182.245.228:5000
[2025-06-17 19:14:34] STEP: Attempt TCP connection (1) with 9000ms timeout
[2025-06-17 19:14:34] STEP: Connection established!
[2025-06-17 19:14:34] STEP: Sent 13 bytes to server
[2025-06-17 19:14:34] STEP: Response received
[2025-06-17 19:14:34] STEP: Writing 37 bytes to response.txt
[2025-06-17 19:14:34] STEP: Exiting with code 0 (Success!)
-------------

[2025-06-17 19:14:41] STEP: Started helper app
[2025-06-17 19:14:41] STEP: SEND_BUFFER_SIZE requested  1024, resolved to 1024
[2025-06-17 19:14:41] STEP: RECEIVE_BUFFER_SIZE requested  2048, resolved to 2048
[2025-06-17 19:14:41] STEP: CONNECTION_ATTEMPT requested  4, resolved to 4
[2025-06-17 19:14:41] STEP: RESPONSE_TIMEOUT requested  9000, resolved to 9000
[2025-06-17 19:14:41] STEP: Create TCP socket
[2025-06-17 19:14:41] STEP: Resolving server address and port...
[2025-06-17 19:14:41] STEP: Server resolved, connecting to 147.182.245.228:5000
[2025-06-17 19:14:41] STEP: Attempt TCP connection (1) with 9000ms timeout
[2025-06-17 19:14:41] STEP: Connection established!
[2025-06-17 19:14:41] STEP: Sent 50 bytes to server
[2025-06-17 19:14:51] STEP: Timed out waiting for response!
[2025-06-17 19:14:51] STEP: Exiting with code 9 (ERROR: Could not receive from socket!)
-------------

[2025-06-17 19:15:40] STEP: Started helper app
[2025-06-17 19:15:40] STEP: SEND_BUFFER_SIZE requested  1024, resolved to 1024
[2025-06-17 19:15:40] STEP: RECEIVE_BUFFER_SIZE requested  2048, resolved to 2048
[2025-06-17 19:15:40] STEP: CONNECTION_ATTEMPT requested  4, resolved to 4
[2025-06-17 19:15:40] STEP: RESPONSE_TIMEOUT requested  9000, resolved to 9000
[2025-06-17 19:15:40] STEP: Create TCP socket
[2025-06-17 19:15:40] STEP: Resolving server address and port...
[2025-06-17 19:15:40] STEP: Server resolved, connecting to 147.182.245.228:5000
[2025-06-17 19:15:40] STEP: Attempt TCP connection (1) with 9000ms timeout
[2025-06-17 19:15:40] STEP: Connection established!
[2025-06-17 19:15:40] STEP: Sent 66 bytes to server
[2025-06-17 19:15:46] STEP: Response received
[2025-06-17 19:15:46] STEP: Writing 1440 bytes to response.txt
[2025-06-17 19:15:46] STEP: Exiting with code 0 (Success!)
-------------

[2025-06-17 19:16:01] STEP: Started helper app
[2025-06-17 19:16:01] STEP: SEND_BUFFER_SIZE requested  1024, resolved to 1024
[2025-06-17 19:16:01] STEP: RECEIVE_BUFFER_SIZE requested  2048, resolved to 2048
[2025-06-17 19:16:01] STEP: CONNECTION_ATTEMPT requested  4, resolved to 4
[2025-06-17 19:16:01] STEP: RESPONSE_TIMEOUT requested  9000, resolved to 9000
[2025-06-17 19:16:01] STEP: Create TCP socket
[2025-06-17 19:16:01] STEP: Resolving server address and port...
[2025-06-17 19:16:01] STEP: Server resolved, connecting to 147.182.245.228:5000
[2025-06-17 19:16:01] STEP: Attempt TCP connection (1) with 9000ms timeout
[2025-06-17 19:16:01] STEP: Connection established!
[2025-06-17 19:16:01] STEP: Sent 18 bytes to server
[2025-06-17 19:16:02] STEP: Response received
[2025-06-17 19:16:02] STEP: Writing 31 bytes to response.txt
[2025-06-17 19:16:02] STEP: Exiting with code 0 (Success!)
-------------

[2025-06-17 19:16:05] STEP: Started helper app
[2025-06-17 19:16:05] STEP: SEND_BUFFER_SIZE requested  1024, resolved to 1024
[2025-06-17 19:16:05] STEP: RECEIVE_BUFFER_SIZE requested  2048, resolved to 2048
[2025-06-17 19:16:05] STEP: CONNECTION_ATTEMPT requested  4, resolved to 4
[2025-06-17 19:16:05] STEP: RESPONSE_TIMEOUT requested  9000, resolved to 9000
[2025-06-17 19:16:05] STEP: Create TCP socket
[2025-06-17 19:16:06] STEP: Resolving server address and port...
[2025-06-17 19:16:06] STEP: Server resolved, connecting to 147.182.245.228:5000
[2025-06-17 19:16:06] STEP: Attempt TCP connection (1) with 9000ms timeout
[2025-06-17 19:16:06] STEP: Connection established!
[2025-06-17 19:16:06] STEP: Sent 13 bytes to server
[2025-06-17 19:16:06] STEP: Response received
[2025-06-17 19:16:06] STEP: Writing 37 bytes to response.txt
[2025-06-17 19:16:06] STEP: Exiting with code 0 (Success!)
-------------

[2025-06-17 19:16:12] STEP: Started helper app
[2025-06-17 19:16:12] STEP: SEND_BUFFER_SIZE requested  1024, resolved to 1024
[2025-06-17 19:16:12] STEP: RECEIVE_BUFFER_SIZE requested  2048, resolved to 2048
[2025-06-17 19:16:12] STEP: CONNECTION_ATTEMPT requested  4, resolved to 4
[2025-06-17 19:16:12] STEP: RESPONSE_TIMEOUT requested  9000, resolved to 9000
[2025-06-17 19:16:12] STEP: Create TCP socket
[2025-06-17 19:16:12] STEP: Resolving server address and port...
[2025-06-17 19:16:12] STEP: Server resolved, connecting to 147.182.245.228:5000
[2025-06-17 19:16:12] STEP: Attempt TCP connection (1) with 9000ms timeout
[2025-06-17 19:16:12] STEP: Connection established!
[2025-06-17 19:16:12] STEP: Sent 23 bytes to server
[2025-06-17 19:16:20] STEP: Response received
[2025-06-17 19:16:20] STEP: Writing 1440 bytes to response.txt
[2025-06-17 19:16:20] STEP: Exiting with code 0 (Success!)
-------------

[2025-06-17 19:16:35] STEP: Started helper app
[2025-06-17 19:16:35] STEP: SEND_BUFFER_SIZE requested  1024, resolved to 1024
[2025-06-17 19:16:35] STEP: RECEIVE_BUFFER_SIZE requested  2048, resolved to 2048
[2025-06-17 19:16:35] STEP: CONNECTION_ATTEMPT requested  4, resolved to 4
[2025-06-17 19:16:35] STEP: RESPONSE_TIMEOUT requested  9000, resolved to 9000
[2025-06-17 19:16:35] STEP: Create TCP socket
[2025-06-17 19:16:35] STEP: Resolving server address and port...
[2025-06-17 19:16:35] STEP: Server resolved, connecting to 147.182.245.228:5000
[2025-06-17 19:16:35] STEP: Attempt TCP connection (1) with 9000ms timeout
[2025-06-17 19:16:35] STEP: Connection established!
[2025-06-17 19:16:35] STEP: Sent 33 bytes to server
[2025-06-17 19:16:46] STEP: Timed out waiting for response!
[2025-06-17 19:16:46] STEP: Exiting with code 9 (ERROR: Could not receive from socket!)
-------------

[2025-06-17 19:16:50] STEP: Started helper app
[2025-06-17 19:16:50] STEP: SEND_BUFFER_SIZE requested  1024, resolved to 1024
[2025-06-17 19:16:50] STEP: RECEIVE_BUFFER_SIZE requested  2048, resolved to 2048
[2025-06-17 19:16:50] STEP: CONNECTION_ATTEMPT requested  4, resolved to 4
[2025-06-17 19:16:50] STEP: RESPONSE_TIMEOUT requested  9000, resolved to 9000
[2025-06-17 19:16:50] STEP: Create TCP socket
[2025-06-17 19:16:50] STEP: Resolving server address and port...
[2025-06-17 19:16:50] STEP: Server resolved, connecting to 147.182.245.228:5000
[2025-06-17 19:16:50] STEP: Attempt TCP connection (1) with 9000ms timeout
[2025-06-17 19:16:50] STEP: Connection established!
[2025-06-17 19:16:50] STEP: Sent 21 bytes to server
[2025-06-17 19:16:51] STEP: Response received
[2025-06-17 19:16:51] STEP: Writing 129 bytes to response.txt
[2025-06-17 19:16:51] STEP: Exiting with code 0 (Success!)
-------------

[2025-06-17 19:16:59] STEP: Started helper app
[2025-06-17 19:16:59] STEP: SEND_BUFFER_SIZE requested  1024, resolved to 1024
[2025-06-17 19:16:59] STEP: RECEIVE_BUFFER_SIZE requested  2048, resolved to 2048
[2025-06-17 19:16:59] STEP: CONNECTION_ATTEMPT requested  4, resolved to 4
[2025-06-17 19:16:59] STEP: RESPONSE_TIMEOUT requested  9000, resolved to 9000
[2025-06-17 19:16:59] STEP: Create TCP socket
[2025-06-17 19:16:59] STEP: Resolving server address and port...
[2025-06-17 19:16:59] STEP: Server resolved, connecting to 147.182.245.228:5000
[2025-06-17 19:16:59] STEP: Attempt TCP connection (1) with 9000ms timeout
[2025-06-17 19:16:59] STEP: Connection established!
[2025-06-17 19:16:59] STEP: Sent 34 bytes to server
[2025-06-17 19:17:07] STEP: Response received
[2025-06-17 19:17:07] STEP: Writing 1404 bytes to response.txt
[2025-06-17 19:17:07] STEP: Exiting with code 0 (Success!)
-------------

[2025-06-17 19:17:25] STEP: Started helper app
[2025-06-17 19:17:25] STEP: SEND_BUFFER_SIZE requested  1024, resolved to 1024
[2025-06-17 19:17:25] STEP: RECEIVE_BUFFER_SIZE requested  2048, resolved to 2048
[2025-06-17 19:17:25] STEP: CONNECTION_ATTEMPT requested  4, resolved to 4
[2025-06-17 19:17:25] STEP: RESPONSE_TIMEOUT requested  9000, resolved to 9000
[2025-06-17 19:17:25] STEP: Create TCP socket
[2025-06-17 19:17:26] STEP: Resolving server address and port...
[2025-06-17 19:17:26] STEP: Server resolved, connecting to 147.182.245.228:5000
[2025-06-17 19:17:26] STEP: Attempt TCP connection (1) with 9000ms timeout
[2025-06-17 19:17:26] STEP: Connection established!
[2025-06-17 19:17:26] STEP: Sent 49 bytes to server
[2025-06-17 19:17:34] STEP: Response received
[2025-06-17 19:17:34] STEP: Writing 1219 bytes to response.txt
[2025-06-17 19:17:34] STEP: Exiting with code 0 (Success!)
-------------

[2025-06-17 19:17:48] STEP: Started helper app
[2025-06-17 19:17:48] STEP: SEND_BUFFER_SIZE requested  1024, resolved to 1024
[2025-06-17 19:17:48] STEP: RECEIVE_BUFFER_SIZE requested  2048, resolved to 2048
[2025-06-17 19:17:48] STEP: CONNECTION_ATTEMPT requested  4, resolved to 4
[2025-06-17 19:17:48] STEP: RESPONSE_TIMEOUT requested  9000, resolved to 9000
[2025-06-17 19:17:48] STEP: Create TCP socket
[2025-06-17 19:17:49] STEP: Resolving server address and port...
[2025-06-17 19:17:49] STEP: Server resolved, connecting to 147.182.245.228:5000
[2025-06-17 19:17:49] STEP: Attempt TCP connection (1) with 9000ms timeout
[2025-06-17 19:17:49] STEP: Connection established!
[2025-06-17 19:17:49] STEP: Sent 26 bytes to server
[2025-06-17 19:17:54] STEP: Response received
[2025-06-17 19:17:54] STEP: Writing 769 bytes to response.txt
[2025-06-17 19:17:54] STEP: Exiting with code 0 (Success!)
-------------

[2025-06-17 19:18:06] STEP: Started helper app
[2025-06-17 19:18:06] STEP: SEND_BUFFER_SIZE requested  1024, resolved to 1024
[2025-06-17 19:18:06] STEP: RECEIVE_BUFFER_SIZE requested  2048, resolved to 2048
[2025-06-17 19:18:06] STEP: CONNECTION_ATTEMPT requested  4, resolved to 4
[2025-06-17 19:18:06] STEP: RESPONSE_TIMEOUT requested  9000, resolved to 9000
[2025-06-17 19:18:06] STEP: Create TCP socket
[2025-06-17 19:18:07] STEP: Resolving server address and port...
[2025-06-17 19:18:07] STEP: Server resolved, connecting to 147.182.245.228:5000
[2025-06-17 19:18:07] STEP: Attempt TCP connection (1) with 9000ms timeout
[2025-06-17 19:18:07] STEP: Connection established!
[2025-06-17 19:18:07] STEP: Sent 60 bytes to server
[2025-06-17 19:18:17] STEP: Timed out waiting for response!
[2025-06-17 19:18:17] STEP: Exiting with code 9 (ERROR: Could not receive from socket!)
-------------

[2025-06-17 19:19:06] STEP: Started helper app
[2025-06-17 19:19:06] STEP: SEND_BUFFER_SIZE requested  1024, resolved to 1024
[2025-06-17 19:19:06] STEP: RECEIVE_BUFFER_SIZE requested  2048, resolved to 2048
[2025-06-17 19:19:06] STEP: CONNECTION_ATTEMPT requested  4, resolved to 4
[2025-06-17 19:19:06] STEP: RESPONSE_TIMEOUT requested  9999, resolved to 9999
[2025-06-17 19:19:06] STEP: Create TCP socket
[2025-06-17 19:19:06] STEP: Resolving server address and port...
[2025-06-17 19:19:06] STEP: Server resolved, connecting to 147.182.245.228:5000
[2025-06-17 19:19:06] STEP: Attempt TCP connection (1) with 9999ms timeout
[2025-06-17 19:19:07] STEP: Connection established!
[2025-06-17 19:19:07] STEP: Sent 53 bytes to server
[2025-06-17 19:19:18] STEP: Timed out waiting for response!
[2025-06-17 19:19:18] STEP: Exiting with code 9 (ERROR: Could not receive from socket!)
-------------

[2025-06-17 19:21:18] STEP: Started helper app
[2025-06-17 19:21:18] STEP: SEND_BUFFER_SIZE requested  1024, resolved to 1024
[2025-06-17 19:21:18] STEP: RECEIVE_BUFFER_SIZE requested  2048, resolved to 2048
[2025-06-17 19:21:18] STEP: CONNECTION_ATTEMPT requested  4, resolved to 4
[2025-06-17 19:21:18] STEP: RESPONSE_TIMEOUT requested  9999, resolved to 9999
[2025-06-17 19:21:18] STEP: Create TCP socket
[2025-06-17 19:21:19] STEP: Resolving server address and port...
[2025-06-17 19:21:19] STEP: Server resolved, connecting to 147.182.245.228:5000
[2025-06-17 19:21:19] STEP: Attempt TCP connection (1) with 9999ms timeout
[2025-06-17 19:21:19] STEP: Connection established!
[2025-06-17 19:21:19] STEP: Sent 32 bytes to server
[2025-06-17 19:21:30] STEP: Response received
[2025-06-17 19:21:30] STEP: Writing 1348 bytes to response.txt
[2025-06-17 19:21:30] STEP: Exiting with code 0 (Success!)
-------------

[2025-06-17 19:21:55] STEP: Started helper app
[2025-06-17 19:21:55] STEP: SEND_BUFFER_SIZE requested  1024, resolved to 1024
[2025-06-17 19:21:55] STEP: RECEIVE_BUFFER_SIZE requested  2048, resolved to 2048
[2025-06-17 19:21:55] STEP: CONNECTION_ATTEMPT requested  4, resolved to 4
[2025-06-17 19:21:55] STEP: RESPONSE_TIMEOUT requested  9999, resolved to 9999
[2025-06-17 19:21:55] STEP: Create TCP socket
[2025-06-17 19:21:56] STEP: Resolving server address and port...
[2025-06-17 19:21:56] STEP: Server resolved, connecting to 147.182.245.228:5000
[2025-06-17 19:21:56] STEP: Attempt TCP connection (1) with 9999ms timeout
[2025-06-17 19:21:56] STEP: Connection established!
[2025-06-17 19:21:56] STEP: Sent 23 bytes to server
[2025-06-17 19:22:07] STEP: Timed out waiting for response!
[2025-06-17 19:22:07] STEP: Exiting with code 9 (ERROR: Could not receive from socket!)
-------------

[2025-06-17 19:22:09] STEP: Started helper app
[2025-06-17 19:22:09] STEP: SEND_BUFFER_SIZE requested  1024, resolved to 1024
[2025-06-17 19:22:09] STEP: RECEIVE_BUFFER_SIZE requested  2048, resolved to 2048
[2025-06-17 19:22:09] STEP: CONNECTION_ATTEMPT requested  4, resolved to 4
[2025-06-17 19:22:09] STEP: RESPONSE_TIMEOUT requested  9999, resolved to 9999
[2025-06-17 19:22:09] STEP: Create TCP socket
[2025-06-17 19:22:09] STEP: Resolving server address and port...
[2025-06-17 19:22:09] STEP: Server resolved, connecting to 147.182.245.228:5000
[2025-06-17 19:22:09] STEP: Attempt TCP connection (1) with 9999ms timeout
[2025-06-17 19:22:09] STEP: Connection established!
[2025-06-17 19:22:09] STEP: Sent 19 bytes to server
[2025-06-17 19:22:20] STEP: Timed out waiting for response!
[2025-06-17 19:22:20] STEP: Exiting with code 9 (ERROR: Could not receive from socket!)
-------------

[2025-06-17 19:22:22] STEP: Started helper app
[2025-06-17 19:22:22] STEP: SEND_BUFFER_SIZE requested  1024, resolved to 1024
[2025-06-17 19:22:22] STEP: RECEIVE_BUFFER_SIZE requested  2048, resolved to 2048
[2025-06-17 19:22:22] STEP: CONNECTION_ATTEMPT requested  4, resolved to 4
[2025-06-17 19:22:22] STEP: RESPONSE_TIMEOUT requested  9999, resolved to 9999
[2025-06-17 19:22:22] STEP: Create TCP socket
[2025-06-17 19:22:22] STEP: Resolving server address and port...
[2025-06-17 19:22:22] STEP: Server resolved, connecting to 147.182.245.228:5000
[2025-06-17 19:22:22] STEP: Attempt TCP connection (1) with 9999ms timeout
[2025-06-17 19:22:22] STEP: Connection established!
[2025-06-17 19:22:22] STEP: Sent 18 bytes to server
[2025-06-17 19:22:26] STEP: Response received
[2025-06-17 19:22:26] STEP: Writing 31 bytes to response.txt
[2025-06-17 19:22:26] STEP: Exiting with code 0 (Success!)
-------------

[2025-06-17 19:32:23] STEP: Started helper app
[2025-06-17 19:32:23] STEP: SEND_BUFFER_SIZE requested  1024, resolved to 1024
[2025-06-17 19:32:23] STEP: RECEIVE_BUFFER_SIZE requested  2048, resolved to 2048
[2025-06-17 19:32:23] STEP: CONNECTION_ATTEMPT requested  4, resolved to 4
[2025-06-17 19:32:23] STEP: RESPONSE_TIMEOUT requested  9999, resolved to 9999
[2025-06-17 19:32:23] STEP: Create TCP socket
[2025-06-17 19:32:24] STEP: Resolving server address and port...
[2025-06-17 19:32:24] STEP: Server resolved, connecting to 147.182.245.228:5000
[2025-06-17 19:32:24] STEP: Attempt TCP connection (1) with 9999ms timeout
[2025-06-17 19:32:24] STEP: Connection established!
[2025-06-17 19:32:24] STEP: Sent 16 bytes to server
[2025-06-17 19:32:28] STEP: Response received
[2025-06-17 19:32:28] STEP: Writing 15 bytes to response.txt
[2025-06-17 19:32:28] STEP: Exiting with code 0 (Success!)
-------------

[2025-06-17 19:32:32] STEP: Started helper app
[2025-06-17 19:32:32] STEP: SEND_BUFFER_SIZE requested  1024, resolved to 1024
[2025-06-17 19:32:32] STEP: RECEIVE_BUFFER_SIZE requested  2048, resolved to 2048
[2025-06-17 19:32:32] STEP: CONNECTION_ATTEMPT requested  4, resolved to 4
[2025-06-17 19:32:32] STEP: RESPONSE_TIMEOUT requested  9999, resolved to 9999
[2025-06-17 19:32:32] STEP: Create TCP socket
[2025-06-17 19:32:32] STEP: Resolving server address and port...
[2025-06-17 19:32:32] STEP: Server resolved, connecting to 147.182.245.228:5000
[2025-06-17 19:32:32] STEP: Attempt TCP connection (1) with 9999ms timeout
[2025-06-17 19:32:32] STEP: Connection established!
[2025-06-17 19:32:32] STEP: Sent 13 bytes to server
[2025-06-17 19:32:32] STEP: Response received
[2025-06-17 19:32:32] STEP: Writing 37 bytes to response.txt
[2025-06-17 19:32:32] STEP: Exiting with code 0 (Success!)
-------------

[2025-06-17 19:32:44] STEP: Started helper app
[2025-06-17 19:32:44] STEP: SEND_BUFFER_SIZE requested  1024, resolved to 1024
[2025-06-17 19:32:44] STEP: RECEIVE_BUFFER_SIZE requested  2048, resolved to 2048
[2025-06-17 19:32:44] STEP: CONNECTION_ATTEMPT requested  4, resolved to 4
[2025-06-17 19:32:44] STEP: RESPONSE_TIMEOUT requested  9999, resolved to 9999
[2025-06-17 19:32:44] STEP: Create TCP socket
[2025-06-17 19:32:45] STEP: Resolving server address and port...
[2025-06-17 19:32:45] STEP: Server resolved, connecting to 147.182.245.228:5000
[2025-06-17 19:32:45] STEP: Attempt TCP connection (1) with 9999ms timeout
[2025-06-17 19:32:45] STEP: Connection established!
[2025-06-17 19:32:45] STEP: Sent 41 bytes to server
[2025-06-17 19:32:46] STEP: Response received
[2025-06-17 19:32:46] STEP: Writing 184 bytes to response.txt
[2025-06-17 19:32:46] STEP: Exiting with code 0 (Success!)
-------------

[2025-06-17 19:32:59] STEP: Started helper app
[2025-06-17 19:32:59] STEP: SEND_BUFFER_SIZE requested  1024, resolved to 1024
[2025-06-17 19:32:59] STEP: RECEIVE_BUFFER_SIZE requested  2048, resolved to 2048
[2025-06-17 19:32:59] STEP: CONNECTION_ATTEMPT requested  4, resolved to 4
[2025-06-17 19:32:59] STEP: RESPONSE_TIMEOUT requested  9999, resolved to 9999
[2025-06-17 19:32:59] STEP: Create TCP socket
[2025-06-17 19:32:59] STEP: Resolving server address and port...
[2025-06-17 19:32:59] STEP: Server resolved, connecting to 147.182.245.228:5000
[2025-06-17 19:32:59] STEP: Attempt TCP connection (1) with 9999ms timeout
[2025-06-17 19:32:59] STEP: Connection established!
[2025-06-17 19:32:59] STEP: Sent 41 bytes to server
[2025-06-17 19:33:01] STEP: Response received
[2025-06-17 19:33:01] STEP: Writing 169 bytes to response.txt
[2025-06-17 19:33:01] STEP: Exiting with code 0 (Success!)
-------------

[2025-06-17 19:33:08] STEP: Started helper app
[2025-06-17 19:33:08] STEP: SEND_BUFFER_SIZE requested  1024, resolved to 1024
[2025-06-17 19:33:08] STEP: RECEIVE_BUFFER_SIZE requested  2048, resolved to 2048
[2025-06-17 19:33:08] STEP: CONNECTION_ATTEMPT requested  4, resolved to 4
[2025-06-17 19:33:08] STEP: RESPONSE_TIMEOUT requested  9999, resolved to 9999
[2025-06-17 19:33:08] STEP: Create TCP socket
[2025-06-17 19:33:09] STEP: Resolving server address and port...
[2025-06-17 19:33:09] STEP: Server resolved, connecting to 147.182.245.228:5000
[2025-06-17 19:33:09] STEP: Attempt TCP connection (1) with 9999ms timeout
[2025-06-17 19:33:09] STEP: Connection established!
[2025-06-17 19:33:09] STEP: Sent 18 bytes to server
[2025-06-17 19:33:09] STEP: Response received
[2025-06-17 19:33:09] STEP: Writing 31 bytes to response.txt
[2025-06-17 19:33:09] STEP: Exiting with code 0 (Success!)
-------------

